This file contains any messages produced by compilers while
running configure, to aid debugging if configure makes a mistake.

It was created by configure, which was
generated by GNU Autoconf 2.58.  Invocation command line was

  $ ./configure 

## --------- ##
## Platform. ##
## --------- ##

hostname = hawk
uname -m = i686
uname -r = 2.6.4-rc1
uname -s = Linux
uname -v = #11 SMP Wed Mar 3 16:56:54 CST 2004

/usr/bin/uname -p = Pentium III (Coppermine)
/bin/uname -X     = unknown

/bin/arch              = i686
/usr/bin/arch -k       = unknown
/usr/convex/getsysinfo = unknown
hostinfo               = unknown
/bin/machine           = unknown
/usr/bin/oslevel       = unknown
/bin/universe          = unknown

PATH: /bin
PATH: /usr/bin
PATH: /usr/local/bin
PATH: /opt/bin
PATH: /usr/i686-pc-linux-gnu/gcc-bin/3.3
PATH: /opt/Acrobat5
PATH: /opt/ghc/bin
PATH: /usr/X11R6/bin
PATH: /opt/sun-jdk-1.4.2.03/bin
PATH: /opt/sun-jdk-1.4.2.03/jre/bin
PATH: /opt/sun-jdk-1.4.2.03/jre/javaws
PATH: /opt/insight/bin
PATH: /home/louis/bin
PATH: /home/louis/bin


## ----------- ##
## Core tests. ##
## ----------- ##

configure:1532: checking for a BSD-compatible install
configure:1587: result: /bin/install -c
configure:1598: checking whether build environment is sane
configure:1641: result: yes
configure:1674: checking for gawk
configure:1690: found /bin/gawk
configure:1700: result: gawk
configure:1710: checking whether make sets $(MAKE)
configure:1730: result: yes
configure:1930: checking for gcc
configure:1956: result: gcc
configure:2200: checking for C compiler version
configure:2203: gcc --version </dev/null >&5
gcc (GCC) 3.3.2 20031218 (Gentoo Linux 3.3.2-r5, propolice-3.3-7)
Copyright (C) 2003 Free Software Foundation, Inc.
This is free software; see the source for copying conditions.  There is NO
warranty; not even for MERCHANTABILITY or FITNESS FOR A PARTICULAR PURPOSE.

configure:2206: $? = 0
configure:2208: gcc -v </dev/null >&5
Reading specs from /usr/lib/gcc-lib/i686-pc-linux-gnu/3.3.2/specs
Configured with: /var/tmp/portage/gcc-3.3.2-r5/work/gcc-3.3.2/configure --prefix=/usr --bindir=/usr/i686-pc-linux-gnu/gcc-bin/3.3 --includedir=/usr/lib/gcc-lib/i686-pc-linux-gnu/3.3.2/include --datadir=/usr/share/gcc-data/i686-pc-linux-gnu/3.3 --mandir=/usr/share/gcc-data/i686-pc-linux-gnu/3.3/man --infodir=/usr/share/gcc-data/i686-pc-linux-gnu/3.3/info --enable-shared --host=i686-pc-linux-gnu --target=i686-pc-linux-gnu --with-system-zlib --enable-languages=c,c++,f77,objc,java --enable-threads=posix --enable-long-long --disable-checking --enable-cstdio=stdio --enable-clocale=generic --enable-__cxa_atexit --enable-version-specific-runtime-libs --with-gxx-include-dir=/usr/lib/gcc-lib/i686-pc-linux-gnu/3.3.2/include/g++-v3 --with-local-prefix=/usr/local --enable-shared --enable-nls --without-included-gettext --x-includes=/usr/X11R6/include --x-libraries=/usr/X11R6/lib --enable-interpreter --enable-java-awt=xlib --with-x --disable-multilib
Thread model: posix
gcc version 3.3.2 20031218 (Gentoo Linux 3.3.2-r5, propolice-3.3-7)
configure:2211: $? = 0
configure:2213: gcc -V </dev/null >&5
gcc: `-V' option must have argument
configure:2216: $? = 1
configure:2239: checking for C compiler default output file name
configure:2242: gcc    conftest.c  >&5
configure:2245: $? = 0
configure:2291: result: a.out
configure:2296: checking whether the C compiler works
configure:2302: ./a.out
configure:2305: $? = 0
configure:2322: result: yes
configure:2329: checking whether we are cross compiling
configure:2331: result: no
configure:2334: checking for suffix of executables
configure:2336: gcc -o conftest    conftest.c  >&5
configure:2339: $? = 0
configure:2364: result: 
configure:2370: checking for suffix of object files
configure:2391: gcc -c   conftest.c >&5
configure:2394: $? = 0
configure:2416: result: o
configure:2420: checking whether we are using the GNU C compiler
configure:2444: gcc -c   conftest.c >&5
configure:2450: $? = 0
configure:2454: test -z 
			 || test ! -s conftest.err
configure:2457: $? = 0
configure:2460: test -s conftest.o
configure:2463: $? = 0
configure:2476: result: yes
configure:2482: checking whether gcc accepts -g
configure:2503: gcc -c -g  conftest.c >&5
configure:2509: $? = 0
configure:2513: test -z 
			 || test ! -s conftest.err
configure:2516: $? = 0
configure:2519: test -s conftest.o
configure:2522: $? = 0
configure:2533: result: yes
configure:2550: checking for gcc option to accept ANSI C
configure:2620: gcc  -c -g -O2  conftest.c >&5
configure:2626: $? = 0
configure:2630: test -z 
			 || test ! -s conftest.err
configure:2633: $? = 0
configure:2636: test -s conftest.o
configure:2639: $? = 0
configure:2657: result: none needed
configure:2675: gcc -c -g -O2  conftest.c >&5
conftest.c:2: error: syntax error before "me"
configure:2681: $? = 1
configure: failed program was:
| #ifndef __cplusplus
|   choke me
| #endif
configure:2833: checking for style of include used by make
configure:2861: result: GNU
configure:2889: checking dependency style of gcc
configure:2951: result: gcc3
configure:3029: checking build system type
configure:3047: result: i686-pc-linux-gnu
configure:3055: checking host system type
configure:3069: result: i686-pc-linux-gnu
configure:3099: checking for ld used by GCC
configure:3162: result: /usr/i686-pc-linux-gnu/bin/ld
configure:3171: checking if the linker (/usr/i686-pc-linux-gnu/bin/ld) is GNU ld
GNU ld version 2.14.90.0.7 20031029
configure:3183: result: yes
configure:3188: checking for /usr/i686-pc-linux-gnu/bin/ld option to reload object files
configure:3195: result: -r
configure:3200: checking for BSD-compatible nm
configure:3236: result: /usr/bin/nm -B
configure:3239: checking for a sed that does not truncate output
configure:3321: result: /bin/sed
configure:3324: checking whether ln -s works
configure:3328: result: yes
configure:3335: checking how to recognise dependent libraries
configure:3516: result: pass_all
configure:3529: checking command to parse /usr/bin/nm -B output
configure:3613: gcc -c -g -O2  conftest.c >&5
configure:3616: $? = 0
configure:3620: /usr/bin/nm -B conftest.o \| sed -n -e 's/^.*[ 	]\([ABCDGISTW][ABCDGISTW]*\)[ 	][ 	]*\(\)\([_A-Za-z][_A-Za-z0-9]*\)$/\1 \2\3 \3/p' \> conftest.nm
configure:3623: $? = 0
configure:3675: gcc -o conftest -g -O2   conftest.c conftstm.o >&5
configure:3678: $? = 0
configure:3722: result: ok
configure:3731: checking how to run the C preprocessor
configure:3766: gcc -E  conftest.c
configure:3772: $? = 0
configure:3804: gcc -E  conftest.c
conftest.c:11:28: ac_nonexistent.h: No such file or directory
configure:3810: $? = 1
configure: failed program was:
| /* confdefs.h.  */
| 
| #define PACKAGE_NAME ""
| #define PACKAGE_TARNAME ""
| #define PACKAGE_VERSION ""
| #define PACKAGE_STRING ""
| #define PACKAGE_BUGREPORT ""
| #define PACKAGE "openhpi"
| #define VERSION "0.5.0"
| /* end confdefs.h.  */
| #include <ac_nonexistent.h>
configure:3849: result: gcc -E
configure:3873: gcc -E  conftest.c
configure:3879: $? = 0
configure:3911: gcc -E  conftest.c
conftest.c:11:28: ac_nonexistent.h: No such file or directory
configure:3917: $? = 1
configure: failed program was:
| /* confdefs.h.  */
| 
| #define PACKAGE_NAME ""
| #define PACKAGE_TARNAME ""
| #define PACKAGE_VERSION ""
| #define PACKAGE_STRING ""
| #define PACKAGE_BUGREPORT ""
| #define PACKAGE "openhpi"
| #define VERSION "0.5.0"
| /* end confdefs.h.  */
| #include <ac_nonexistent.h>
configure:3961: checking for egrep
configure:3971: result: grep -E
configure:3976: checking for ANSI C header files
configure:4001: gcc -c -g -O2  conftest.c >&5
configure:4007: $? = 0
configure:4011: test -z 
			 || test ! -s conftest.err
configure:4014: $? = 0
configure:4017: test -s conftest.o
configure:4020: $? = 0
configure:4106: gcc -o conftest -g -O2   conftest.c  >&5
configure:4109: $? = 0
configure:4111: ./conftest
configure:4114: $? = 0
configure:4129: result: yes
configure:4153: checking for sys/types.h
configure:4169: gcc -c -g -O2  conftest.c >&5
configure:4175: $? = 0
configure:4179: test -z 
			 || test ! -s conftest.err
configure:4182: $? = 0
configure:4185: test -s conftest.o
configure:4188: $? = 0
configure:4199: result: yes
configure:4153: checking for sys/stat.h
configure:4169: gcc -c -g -O2  conftest.c >&5
configure:4175: $? = 0
configure:4179: test -z 
			 || test ! -s conftest.err
configure:4182: $? = 0
configure:4185: test -s conftest.o
configure:4188: $? = 0
configure:4199: result: yes
configure:4153: checking for stdlib.h
configure:4169: gcc -c -g -O2  conftest.c >&5
configure:4175: $? = 0
configure:4179: test -z 
			 || test ! -s conftest.err
configure:4182: $? = 0
configure:4185: test -s conftest.o
configure:4188: $? = 0
configure:4199: result: yes
configure:4153: checking for string.h
configure:4169: gcc -c -g -O2  conftest.c >&5
configure:4175: $? = 0
configure:4179: test -z 
			 || test ! -s conftest.err
configure:4182: $? = 0
configure:4185: test -s conftest.o
configure:4188: $? = 0
configure:4199: result: yes
configure:4153: checking for memory.h
configure:4169: gcc -c -g -O2  conftest.c >&5
configure:4175: $? = 0
configure:4179: test -z 
			 || test ! -s conftest.err
configure:4182: $? = 0
configure:4185: test -s conftest.o
configure:4188: $? = 0
configure:4199: result: yes
configure:4153: checking for strings.h
configure:4169: gcc -c -g -O2  conftest.c >&5
configure:4175: $? = 0
configure:4179: test -z 
			 || test ! -s conftest.err
configure:4182: $? = 0
configure:4185: test -s conftest.o
configure:4188: $? = 0
configure:4199: result: yes
configure:4153: checking for inttypes.h
configure:4169: gcc -c -g -O2  conftest.c >&5
configure:4175: $? = 0
configure:4179: test -z 
			 || test ! -s conftest.err
configure:4182: $? = 0
configure:4185: test -s conftest.o
configure:4188: $? = 0
configure:4199: result: yes
configure:4153: checking for stdint.h
configure:4169: gcc -c -g -O2  conftest.c >&5
configure:4175: $? = 0
configure:4179: test -z 
			 || test ! -s conftest.err
configure:4182: $? = 0
configure:4185: test -s conftest.o
configure:4188: $? = 0
configure:4199: result: yes
configure:4153: checking for unistd.h
configure:4169: gcc -c -g -O2  conftest.c >&5
configure:4175: $? = 0
configure:4179: test -z 
			 || test ! -s conftest.err
configure:4182: $? = 0
configure:4185: test -s conftest.o
configure:4188: $? = 0
configure:4199: result: yes
configure:4225: checking dlfcn.h usability
configure:4237: gcc -c -g -O2  conftest.c >&5
configure:4243: $? = 0
configure:4247: test -z 
			 || test ! -s conftest.err
configure:4250: $? = 0
configure:4253: test -s conftest.o
configure:4256: $? = 0
configure:4266: result: yes
configure:4270: checking dlfcn.h presence
configure:4280: gcc -E  conftest.c
configure:4286: $? = 0
configure:4306: result: yes
configure:4341: checking for dlfcn.h
configure:4348: result: yes
configure:4546: checking for ranlib
configure:4562: found /usr/bin/ranlib
configure:4573: result: ranlib
configure:4626: checking for strip
configure:4642: found /usr/bin/strip
configure:4653: result: strip
configure:4706: gcc -c -g -O2  conftest.c >&5
configure:4709: $? = 0
configure:4891: checking for objdir
configure:4902: result: .libs
configure:4919: checking for gcc option to produce PIC
configure:5065: result: -fPIC
configure:5069: checking if gcc PIC flag -fPIC works
configure:5092: gcc -c -g -O2 -fPIC -DPIC  conftest.c >&5
configure:5098: $? = 0
configure:5102: test -z 
			 || test ! -s conftest.err
configure:5105: $? = 0
configure:5108: test -s conftest.o
configure:5111: $? = 0
configure:5149: result: yes
configure:5165: checking if gcc static flag -static works
configure:5189: gcc -o conftest -g -O2   -static conftest.c  >&5
configure:5195: $? = 0
configure:5199: test -z 
			 || test ! -s conftest.err
configure:5202: $? = 0
configure:5205: test -s conftest
configure:5208: $? = 0
configure:5225: result: yes
configure:5237: checking if gcc supports -c -o file.o
configure:5260: gcc -c -g -O2 -o out/conftest2.o  conftest.c >&5
configure:5281: result: yes
configure:5286: checking if gcc supports -c -o file.lo
configure:5313: gcc -c -g -O2 -c -o conftest.lo  conftest.c >&5
configure:5319: $? = 0
configure:5323: test -z 
			 || test ! -s conftest.err
configure:5326: $? = 0
configure:5329: test -s conftest.lo
configure:5332: $? = 0
configure:5354: result: yes
configure:5385: checking if gcc supports -fno-rtti -fno-exceptions
configure:5407: gcc -c -g -O2 -fno-rtti -fno-exceptions -c conftest.c  conftest.c >&5
cc1: warning: "-fno-rtti" is valid for C++ but not for C/ObjC
cc1: warning: "-fno-rtti" is valid for C++ but not for C/ObjC
configure:5413: $? = 0
configure:5417: test -z 
			 || test ! -s conftest.err
configure:5420: $? = 0
configure:5423: test -s conftest.o
configure:5426: $? = 0
configure:5443: result: no
configure:5454: checking whether the linker (/usr/i686-pc-linux-gnu/bin/ld) supports shared libraries
configure:6173: result: yes
configure:6178: checking how to hardcode library paths into programs
configure:6202: result: immediate
configure:6207: checking whether stripping libraries is possible
configure:6212: result: yes
configure:6223: checking dynamic linker characteristics
configure:6661: result: GNU/Linux ld.so
configure:6666: checking if libtool supports shared libraries
configure:6668: result: yes
configure:6671: checking whether to build shared libraries
configure:6692: result: yes
configure:6695: checking whether to build static libraries
configure:6699: result: yes
configure:7449: checking whether -lc should be explicitly linked in
configure:7457: gcc -c -g -O2  conftest.c >&5
configure:7460: $? = 0
configure:7474: gcc -shared conftest.o  -v -Wl,-soname -Wl,conftest -o conftest 2\>\&1 \| grep  -lc  \>/dev/null 2\>\&1
configure:7477: $? = 0
configure:7490: result: no
configure:8116: checking for gcc
configure:8142: result: gcc
configure:8386: checking for C compiler version
configure:8389: gcc --version </dev/null >&5
gcc (GCC) 3.3.2 20031218 (Gentoo Linux 3.3.2-r5, propolice-3.3-7)
Copyright (C) 2003 Free Software Foundation, Inc.
This is free software; see the source for copying conditions.  There is NO
warranty; not even for MERCHANTABILITY or FITNESS FOR A PARTICULAR PURPOSE.

configure:8392: $? = 0
configure:8394: gcc -v </dev/null >&5
Reading specs from /usr/lib/gcc-lib/i686-pc-linux-gnu/3.3.2/specs
Configured with: /var/tmp/portage/gcc-3.3.2-r5/work/gcc-3.3.2/configure --prefix=/usr --bindir=/usr/i686-pc-linux-gnu/gcc-bin/3.3 --includedir=/usr/lib/gcc-lib/i686-pc-linux-gnu/3.3.2/include --datadir=/usr/share/gcc-data/i686-pc-linux-gnu/3.3 --mandir=/usr/share/gcc-data/i686-pc-linux-gnu/3.3/man --infodir=/usr/share/gcc-data/i686-pc-linux-gnu/3.3/info --enable-shared --host=i686-pc-linux-gnu --target=i686-pc-linux-gnu --with-system-zlib --enable-languages=c,c++,f77,objc,java --enable-threads=posix --enable-long-long --disable-checking --enable-cstdio=stdio --enable-clocale=generic --enable-__cxa_atexit --enable-version-specific-runtime-libs --with-gxx-include-dir=/usr/lib/gcc-lib/i686-pc-linux-gnu/3.3.2/include/g++-v3 --with-local-prefix=/usr/local --enable-shared --enable-nls --without-included-gettext --x-includes=/usr/X11R6/include --x-libraries=/usr/X11R6/lib --enable-interpreter --enable-java-awt=xlib --with-x --disable-multilib
Thread model: posix
gcc version 3.3.2 20031218 (Gentoo Linux 3.3.2-r5, propolice-3.3-7)
configure:8397: $? = 0
configure:8399: gcc -V </dev/null >&5
gcc: `-V' option must have argument
configure:8402: $? = 1
configure:8405: checking whether we are using the GNU C compiler
configure:8461: result: yes
configure:8467: checking whether gcc accepts -g
configure:8518: result: yes
configure:8535: checking for gcc option to accept ANSI C
configure:8642: result: none needed
configure:8660: gcc -c -g -O2  conftest.c >&5
conftest.c:2: error: syntax error before "me"
configure:8666: $? = 1
configure: failed program was:
| #ifndef __cplusplus
|   choke me
| #endif
configure:8801: checking dependency style of gcc
configure:8863: result: gcc3
configure:8962: checking for C++ compiler version
configure:8965: g++ --version </dev/null >&5
g++ (GCC) 3.3.2 20031218 (Gentoo Linux 3.3.2-r5, propolice-3.3-7)
Copyright (C) 2003 Free Software Foundation, Inc.
This is free software; see the source for copying conditions.  There is NO
warranty; not even for MERCHANTABILITY or FITNESS FOR A PARTICULAR PURPOSE.

configure:8968: $? = 0
configure:8970: g++ -v </dev/null >&5
Reading specs from /usr/lib/gcc-lib/i686-pc-linux-gnu/3.3.2/specs
Configured with: /var/tmp/portage/gcc-3.3.2-r5/work/gcc-3.3.2/configure --prefix=/usr --bindir=/usr/i686-pc-linux-gnu/gcc-bin/3.3 --includedir=/usr/lib/gcc-lib/i686-pc-linux-gnu/3.3.2/include --datadir=/usr/share/gcc-data/i686-pc-linux-gnu/3.3 --mandir=/usr/share/gcc-data/i686-pc-linux-gnu/3.3/man --infodir=/usr/share/gcc-data/i686-pc-linux-gnu/3.3/info --enable-shared --host=i686-pc-linux-gnu --target=i686-pc-linux-gnu --with-system-zlib --enable-languages=c,c++,f77,objc,java --enable-threads=posix --enable-long-long --disable-checking --enable-cstdio=stdio --enable-clocale=generic --enable-__cxa_atexit --enable-version-specific-runtime-libs --with-gxx-include-dir=/usr/lib/gcc-lib/i686-pc-linux-gnu/3.3.2/include/g++-v3 --with-local-prefix=/usr/local --enable-shared --enable-nls --without-included-gettext --x-includes=/usr/X11R6/include --x-libraries=/usr/X11R6/lib --enable-interpreter --enable-java-awt=xlib --with-x --disable-multilib
Thread model: posix
gcc version 3.3.2 20031218 (Gentoo Linux 3.3.2-r5, propolice-3.3-7)
configure:8973: $? = 0
configure:8975: g++ -V </dev/null >&5
g++: `-V' option must have argument
configure:8978: $? = 1
configure:8981: checking whether we are using the GNU C++ compiler
configure:9005: g++ -c   conftest.cc >&5
configure:9011: $? = 0
configure:9015: test -z 
			 || test ! -s conftest.err
configure:9018: $? = 0
configure:9021: test -s conftest.o
configure:9024: $? = 0
configure:9037: result: yes
configure:9043: checking whether g++ accepts -g
configure:9064: g++ -c -g  conftest.cc >&5
configure:9070: $? = 0
configure:9074: test -z 
			 || test ! -s conftest.err
configure:9077: $? = 0
configure:9080: test -s conftest.o
configure:9083: $? = 0
configure:9094: result: yes
configure:9136: g++ -c -g -O2  conftest.cc >&5
configure:9142: $? = 0
configure:9146: test -z 
			 || test ! -s conftest.err
configure:9149: $? = 0
configure:9152: test -s conftest.o
configure:9155: $? = 0
configure:9181: g++ -c -g -O2  conftest.cc >&5
conftest.cc: In function `int main()':
conftest.cc:26: error: `exit' undeclared (first use this function)
conftest.cc:26: error: (Each undeclared identifier is reported only once for 
   each function it appears in.)
configure:9187: $? = 1
configure: failed program was:
| /* confdefs.h.  */
| 
| #define PACKAGE_NAME ""
| #define PACKAGE_TARNAME ""
| #define PACKAGE_VERSION ""
| #define PACKAGE_STRING ""
| #define PACKAGE_BUGREPORT ""
| #define PACKAGE "openhpi"
| #define VERSION "0.5.0"
| #define STDC_HEADERS 1
| #define HAVE_SYS_TYPES_H 1
| #define HAVE_SYS_STAT_H 1
| #define HAVE_STDLIB_H 1
| #define HAVE_STRING_H 1
| #define HAVE_MEMORY_H 1
| #define HAVE_STRINGS_H 1
| #define HAVE_INTTYPES_H 1
| #define HAVE_STDINT_H 1
| #define HAVE_UNISTD_H 1
| #define HAVE_DLFCN_H 1
| /* end confdefs.h.  */
| 
| int
| main ()
| {
| exit (42);
|   ;
|   return 0;
| }
configure:9136: g++ -c -g -O2  conftest.cc >&5
configure:9142: $? = 0
configure:9146: test -z 
			 || test ! -s conftest.err
configure:9149: $? = 0
configure:9152: test -s conftest.o
configure:9155: $? = 0
configure:9181: g++ -c -g -O2  conftest.cc >&5
configure:9187: $? = 0
configure:9191: test -z 
			 || test ! -s conftest.err
configure:9194: $? = 0
configure:9197: test -s conftest.o
configure:9200: $? = 0
configure:9225: checking dependency style of g++
configure:9287: result: gcc3
configure:9297: checking how to run the C preprocessor
configure:9415: result: gcc -E
configure:9439: gcc -E  conftest.c
configure:9445: $? = 0
configure:9477: gcc -E  conftest.c
conftest.c:25:28: ac_nonexistent.h: No such file or directory
configure:9483: $? = 1
configure: failed program was:
| /* confdefs.h.  */
| 
| #define PACKAGE_NAME ""
| #define PACKAGE_TARNAME ""
| #define PACKAGE_VERSION ""
| #define PACKAGE_STRING ""
| #define PACKAGE_BUGREPORT ""
| #define PACKAGE "openhpi"
| #define VERSION "0.5.0"
| #define STDC_HEADERS 1
| #define HAVE_SYS_TYPES_H 1
| #define HAVE_SYS_STAT_H 1
| #define HAVE_STDLIB_H 1
| #define HAVE_STRING_H 1
| #define HAVE_MEMORY_H 1
| #define HAVE_STRINGS_H 1
| #define HAVE_INTTYPES_H 1
| #define HAVE_STDINT_H 1
| #define HAVE_UNISTD_H 1
| #define HAVE_DLFCN_H 1
| #ifdef __cplusplus
| extern "C" void std::exit (int) throw (); using std::exit;
| #endif
| /* end confdefs.h.  */
| #include <ac_nonexistent.h>
configure:9539: checking for a BSD-compatible install
configure:9594: result: /bin/install -c
configure:9605: checking whether ln -s works
configure:9609: result: yes
configure:9616: checking whether make sets $(MAKE)
configure:9636: result: yes
configure:9686: checking for ranlib
configure:9713: result: ranlib
configure:9785: checking for pkg-config
configure:9801: found /usr/bin/pkg-config
configure:9811: result: yes
configure:9905: checking for GLIB - version >= 1.2.0
configure:9907: result: yes (version 1.2.10)
configure:9918: checking for g_slist_alloc in -lglib
configure:9948: gcc -o conftest -g -O2 -I/usr/include/glib-1.2 -I/usr/lib/glib/include     conftest.c -lglib   -lglib   >&5
configure:9954: $? = 0
configure:9958: test -z 
			 || test ! -s conftest.err
configure:9961: $? = 0
configure:9964: test -s conftest
configure:9967: $? = 0
configure:9980: result: yes
configure:10025: checking for lt_dlopen in -lltdl
configure:10055: gcc -o conftest -g -O2   conftest.c -lltdl   >&5
configure:10061: $? = 0
configure:10065: test -z 
			 || test ! -s conftest.err
configure:10068: $? = 0
configure:10071: test -s conftest
configure:10074: $? = 0
configure:10087: result: yes
configure:10127: checking for ipmi_smi_setup_con in -lOpenIPMI
configure:10157: gcc -o conftest -g -O2   conftest.c -lOpenIPMI  -lltdl  >&5
configure:10163: $? = 0
configure:10167: test -z 
			 || test ! -s conftest.err
configure:10170: $? = 0
configure:10173: test -s conftest
configure:10176: $? = 0
configure:10189: result: yes
configure:10196: checking for sysfs_get_mnt_path in -lsysfs
configure:10226: gcc -o conftest -g -O2   conftest.c -lsysfs  -lltdl  >&5
/usr/lib/gcc-lib/i686-pc-linux-gnu/3.3.2/../../../../i686-pc-linux-gnu/bin/ld: cannot find -lsysfs
collect2: ld returned 1 exit status
configure:10232: $? = 1
configure: failed program was:
| /* confdefs.h.  */
| 
| #define PACKAGE_NAME ""
| #define PACKAGE_TARNAME ""
| #define PACKAGE_VERSION ""
| #define PACKAGE_STRING ""
| #define PACKAGE_BUGREPORT ""
| #define PACKAGE "openhpi"
| #define VERSION "0.5.0"
| #define STDC_HEADERS 1
| #define HAVE_SYS_TYPES_H 1
| #define HAVE_SYS_STAT_H 1
| #define HAVE_STDLIB_H 1
| #define HAVE_STRING_H 1
| #define HAVE_MEMORY_H 1
| #define HAVE_STRINGS_H 1
| #define HAVE_INTTYPES_H 1
| #define HAVE_STDINT_H 1
| #define HAVE_UNISTD_H 1
| #define HAVE_DLFCN_H 1
| #ifdef __cplusplus
| extern "C" void std::exit (int) throw (); using std::exit;
| #endif
| #define HAVE_LIBGLIB 1
| #define HAVE_LIBLTDL 1
| /* end confdefs.h.  */
| 
| /* Override any gcc2 internal prototype to avoid an error.  */
| #ifdef __cplusplus
| extern "C"
| #endif
| /* We use char because int might match the return type of a gcc2
|    builtin and then its argument prototype would still apply.  */
| char sysfs_get_mnt_path ();
| int
| main ()
| {
| sysfs_get_mnt_path ();
|   ;
|   return 0;
| }
configure:10258: result: no
configure:10266: checking for net-snmp
configure:10289: gcc -o conftest -g -O2   conftest.c -lltdl  >&5
configure:10295: $? = 0
configure:10299: test -z 
			 || test ! -s conftest.err
configure:10302: $? = 0
configure:10305: test -s conftest
configure:10308: $? = 0
configure:10315: result: yes
configure:10329: checking for uuid_generate in -luuid
configure:10359: gcc -o conftest -g -O2   conftest.c -luuid  -lltdl  >&5
configure:10365: $? = 0
configure:10369: test -z 
			 || test ! -s conftest.err
configure:10372: $? = 0
configure:10375: test -s conftest
configure:10378: $? = 0
configure:10391: result: yes
configure:10426: checking for MD5_Init in -lssl
configure:10456: gcc -o conftest -g -O2   conftest.c -lssl  -lltdl  >&5
configure:10462: $? = 0
configure:10466: test -z 
			 || test ! -s conftest.err
configure:10469: $? = 0
configure:10472: test -s conftest
configure:10475: $? = 0
configure:10488: result: yes
configure:10512: checking openssl/md2.h usability
configure:10524: gcc -c -g -O2  conftest.c >&5
configure:10530: $? = 0
configure:10534: test -z 
			 || test ! -s conftest.err
configure:10537: $? = 0
configure:10540: test -s conftest.o
configure:10543: $? = 0
configure:10553: result: yes
configure:10557: checking openssl/md2.h presence
configure:10567: gcc -E  conftest.c
configure:10573: $? = 0
configure:10593: result: yes
configure:10628: checking for openssl/md2.h
configure:10635: result: yes
configure:10512: checking openssl/md5.h usability
configure:10524: gcc -c -g -O2  conftest.c >&5
configure:10530: $? = 0
configure:10534: test -z 
			 || test ! -s conftest.err
configure:10537: $? = 0
configure:10540: test -s conftest.o
configure:10543: $? = 0
configure:10553: result: yes
configure:10557: checking openssl/md5.h presence
configure:10567: gcc -E  conftest.c
configure:10573: $? = 0
configure:10593: result: yes
configure:10628: checking for openssl/md5.h
configure:10635: result: yes
configure:10692: checking for ANSI C header files
configure:10845: result: yes
configure:10873: checking fcntl.h usability
configure:10885: gcc -c -g -O2  conftest.c >&5
configure:10891: $? = 0
configure:10895: test -z 
			 || test ! -s conftest.err
configure:10898: $? = 0
configure:10901: test -s conftest.o
configure:10904: $? = 0
configure:10914: result: yes
configure:10918: checking fcntl.h presence
configure:10928: gcc -E  conftest.c
configure:10934: $? = 0
configure:10954: result: yes
configure:10989: checking for fcntl.h
configure:10996: result: yes
configure:10864: checking for stdlib.h
configure:10869: result: yes
configure:10864: checking for string.h
configure:10869: result: yes
configure:10873: checking sys/time.h usability
configure:10885: gcc -c -g -O2  conftest.c >&5
configure:10891: $? = 0
configure:10895: test -z 
			 || test ! -s conftest.err
configure:10898: $? = 0
configure:10901: test -s conftest.o
configure:10904: $? = 0
configure:10914: result: yes
configure:10918: checking sys/time.h presence
configure:10928: gcc -E  conftest.c
configure:10934: $? = 0
configure:10954: result: yes
configure:10989: checking for sys/time.h
configure:10996: result: yes
configure:10864: checking for unistd.h
configure:10869: result: yes
configure:11010: checking for error_at_line
configure:11031: gcc -o conftest -g -O2   conftest.c -lltdl  >&5
configure:11037: $? = 0
configure:11041: test -z 
			 || test ! -s conftest.err
configure:11044: $? = 0
configure:11047: test -s conftest
configure:11050: $? = 0
configure:11062: result: yes
configure:11079: checking for vprintf
configure:11136: gcc -o conftest -g -O2   conftest.c -lltdl  >&5
conftest.c:60: warning: conflicting types for built-in function `vprintf'
configure:11142: $? = 0
configure:11146: test -z 
			 || test ! -s conftest.err
configure:11149: $? = 0
configure:11152: test -s conftest
configure:11155: $? = 0
configure:11167: result: yes
configure:11174: checking for _doprnt
configure:11231: gcc -o conftest -g -O2   conftest.c -lltdl  >&5
/tmp/ccGxkMqk.o(.text+0x11): In function `main':
/home/louis/HPI/openhpi/conftest.c:77: undefined reference to `_doprnt'
/tmp/ccGxkMqk.o(.data+0x0):/home/louis/HPI/openhpi/conftest.c:76: undefined reference to `_doprnt'
collect2: ld returned 1 exit status
configure:11237: $? = 1
configure: failed program was:
| /* confdefs.h.  */
| 
| #define PACKAGE_NAME ""
| #define PACKAGE_TARNAME ""
| #define PACKAGE_VERSION ""
| #define PACKAGE_STRING ""
| #define PACKAGE_BUGREPORT ""
| #define PACKAGE "openhpi"
| #define VERSION "0.5.0"
| #define STDC_HEADERS 1
| #define HAVE_SYS_TYPES_H 1
| #define HAVE_SYS_STAT_H 1
| #define HAVE_STDLIB_H 1
| #define HAVE_STRING_H 1
| #define HAVE_MEMORY_H 1
| #define HAVE_STRINGS_H 1
| #define HAVE_INTTYPES_H 1
| #define HAVE_STDINT_H 1
| #define HAVE_UNISTD_H 1
| #define HAVE_DLFCN_H 1
| #ifdef __cplusplus
| extern "C" void std::exit (int) throw (); using std::exit;
| #endif
| #define HAVE_LIBGLIB 1
| #define HAVE_LIBLTDL 1
| #define HAVE_OPENSSL_MD2_H 1
| #define HAVE_OPENSSL_MD5_H 1
| #define HAVE_THREAD_SAFE 1
| #define STDC_HEADERS 1
| #define HAVE_FCNTL_H 1
| #define HAVE_STDLIB_H 1
| #define HAVE_STRING_H 1
| #define HAVE_SYS_TIME_H 1
| #define HAVE_UNISTD_H 1
| #define HAVE_VPRINTF 1
| /* end confdefs.h.  */
| /* Define _doprnt to an innocuous variant, in case <limits.h> declares _doprnt.
|    For example, HP-UX 11i <limits.h> declares gettimeofday.  */
| #define _doprnt innocuous__doprnt
| 
| /* System header to define __stub macros and hopefully few prototypes,
|     which can conflict with char _doprnt (); below.
|     Prefer <limits.h> to <assert.h> if __STDC__ is defined, since
|     <limits.h> exists even on freestanding compilers.  */
| 
| #ifdef __STDC__
| # include <limits.h>
| #else
| # include <assert.h>
| #endif
| 
| #undef _doprnt
| 
| /* Override any gcc2 internal prototype to avoid an error.  */
| #ifdef __cplusplus
| extern "C"
| {
| #endif
| /* We use char because int might match the return type of a gcc2
|    builtin and then its argument prototype would still apply.  */
| char _doprnt ();
| /* The GNU C library defines this for functions which it implements
|     to always fail with ENOSYS.  Some functions are actually named
|     something starting with __ and the normal name is an alias.  */
| #if defined (__stub__doprnt) || defined (__stub____doprnt)
| choke me
| #else
| char (*f) () = _doprnt;
| #endif
| #ifdef __cplusplus
| }
| #endif
| 
| int
| main ()
| {
| return f != _doprnt;
|   ;
|   return 0;
| }
configure:11262: result: no
configure:11281: checking for gettimeofday
configure:11338: gcc -o conftest -g -O2   conftest.c -lltdl  >&5
configure:11344: $? = 0
configure:11348: test -z 
			 || test ! -s conftest.err
configure:11351: $? = 0
configure:11354: test -s conftest
configure:11357: $? = 0
configure:11369: result: yes
configure:11281: checking for memset
configure:11338: gcc -o conftest -g -O2   conftest.c -lltdl  >&5
conftest.c:62: warning: conflicting types for built-in function `memset'
configure:11344: $? = 0
configure:11348: test -z 
			 || test ! -s conftest.err
configure:11351: $? = 0
configure:11354: test -s conftest
configure:11357: $? = 0
configure:11369: result: yes
configure:11385: checking for rpmbuild
configure:11418: result: no
configure:11777: checking for preprocessor stringizing operator
configure:11801: result: yes
configure:11995: creating ./config.status

## ---------------------- ##
## Running config.status. ##
## ---------------------- ##

This file was extended by config.status, which was
generated by GNU Autoconf 2.58.  Invocation command line was

  CONFIG_FILES    = 
  CONFIG_HEADERS  = 
  CONFIG_LINKS    = 
  CONFIG_COMMANDS = 
  $ ./config.status 

on hawk

config.status:750: creating openhpi.spec
config.status:750: creating openhpi.pc
config.status:750: creating rt-env.sh
config.status:750: creating Makefile
config.status:750: creating src/Makefile
config.status:750: creating src/snmp/Makefile
config.status:750: creating src/t/Makefile
config.status:750: creating src/t/epath/Makefile
config.status:750: creating src/t/rpt/Makefile
config.status:750: creating src/t/sel/Makefile
config.status:750: creating src/plugin_static.c
config.status:750: creating plugins/Makefile
config.status:750: creating plugins/snmp_client/Makefile
config.status:750: creating plugins/dummy/Makefile
config.status:750: creating plugins/watchdog/Makefile
config.status:750: creating plugins/ipmi/Makefile
config.status:750: creating plugins/snmp_bc/Makefile
config.status:750: creating plugins/snmp_bc/t/Makefile
config.status:750: creating plugins/sysfs/Makefile
config.status:750: creating plugins/ipmidirect/Makefile
config.status:750: creating plugins/ipmidirect/t/Makefile
config.status:750: creating plugins/simulator/Makefile
config.status:750: creating test/Makefile
config.status:750: creating docs/Makefile
config.status:750: creating docs/hld/Makefile
config.status:750: creating examples/Makefile
config.status:750: creating util/Makefile
config.status:854: creating config.h
config.status:996: config.h is unchanged
config.status:1157: executing depfiles commands

## ---------------- ##
## Cache variables. ##
## ---------------- ##

ac_cv_build=i686-pc-linux-gnu
ac_cv_build_alias=i686-pc-linux-gnu
ac_cv_c_compiler_gnu=yes
ac_cv_c_stringize=yes
ac_cv_cxx_compiler_gnu=yes
ac_cv_env_CC_set=set
ac_cv_env_CC_value=gcc
ac_cv_env_CFLAGS_set=
ac_cv_env_CFLAGS_value=
ac_cv_env_CPPFLAGS_set=
ac_cv_env_CPPFLAGS_value=
ac_cv_env_CPP_set=
ac_cv_env_CPP_value=
ac_cv_env_CXXFLAGS_set=
ac_cv_env_CXXFLAGS_value=
ac_cv_env_CXX_set=set
ac_cv_env_CXX_value=g++
ac_cv_env_LDFLAGS_set=
ac_cv_env_LDFLAGS_value=
ac_cv_env_build_alias_set=
ac_cv_env_build_alias_value=
ac_cv_env_host_alias_set=
ac_cv_env_host_alias_value=
ac_cv_env_target_alias_set=
ac_cv_env_target_alias_value=
ac_cv_exeext=
ac_cv_func__doprnt=no
ac_cv_func_gettimeofday=yes
ac_cv_func_memset=yes
ac_cv_func_vprintf=yes
ac_cv_header_dlfcn_h=yes
ac_cv_header_fcntl_h=yes
ac_cv_header_inttypes_h=yes
ac_cv_header_memory_h=yes
ac_cv_header_openssl_md2_h=yes
ac_cv_header_openssl_md5_h=yes
ac_cv_header_stdc=yes
ac_cv_header_stdint_h=yes
ac_cv_header_stdlib_h=yes
ac_cv_header_string_h=yes
ac_cv_header_strings_h=yes
ac_cv_header_sys_stat_h=yes
ac_cv_header_sys_time_h=yes
ac_cv_header_sys_types_h=yes
ac_cv_header_unistd_h=yes
ac_cv_host=i686-pc-linux-gnu
ac_cv_host_alias=i686-pc-linux-gnu
ac_cv_lib_OpenIPMI_ipmi_smi_setup_con=yes
ac_cv_lib_error_at_line=yes
ac_cv_lib_glib___g_slist_alloc=yes
ac_cv_lib_ltdl_lt_dlopen=yes
ac_cv_lib_ssl_MD5_Init=yes
ac_cv_lib_sysfs_sysfs_get_mnt_path=no
ac_cv_lib_uuid_uuid_generate=yes
ac_cv_objext=o
ac_cv_path_install='/bin/install -c'
ac_cv_prog_AWK=gawk
ac_cv_prog_CPP='gcc -E'
ac_cv_prog_ac_ct_CC=gcc
ac_cv_prog_ac_ct_RANLIB=ranlib
ac_cv_prog_ac_ct_STRIP=strip
ac_cv_prog_cc_g=yes
ac_cv_prog_cc_stdc=
ac_cv_prog_cxx_g=yes
ac_cv_prog_egrep='grep -E'
ac_cv_prog_found_pkg_config=yes
ac_cv_prog_make_make_set=yes
am_cv_CC_dependencies_compiler_type=gcc3
am_cv_CXX_dependencies_compiler_type=gcc3
lt_cv_archive_cmds_need_lc=no
lt_cv_cc_64bit_output=no
lt_cv_compiler_c_o=yes
lt_cv_compiler_o_lo=yes
lt_cv_deplibs_check_method=pass_all
lt_cv_file_magic_cmd='$MAGIC_CMD'
lt_cv_file_magic_test_file='/lib/libc.so.6 /lib/libc-2.3.2.so'
lt_cv_global_symbol_to_c_name_address='sed -n -e '\''s/^: \([^ ]*\) $/  {\"\1\", (lt_ptr) 0},/p'\'' -e '\''s/^[BCDEGRST] \([^ ]*\) \([^ ]*\)$/  {"\2", (lt_ptr) \&\2},/p'\'''
lt_cv_global_symbol_to_cdecl='sed -n -e '\''s/^. .* \(.*\)$/extern char \1;/p'\'''
lt_cv_ld_reload_flag=-r
lt_cv_path_LD=/usr/i686-pc-linux-gnu/bin/ld
lt_cv_path_NM='/usr/bin/nm -B'
lt_cv_path_SED=/bin/sed
lt_cv_prog_cc_can_build_shared=yes
lt_cv_prog_cc_no_builtin=
lt_cv_prog_cc_pic=' -fPIC'
lt_cv_prog_cc_pic_works=yes
lt_cv_prog_cc_shlib=
lt_cv_prog_cc_static=-static
lt_cv_prog_cc_static_works=yes
lt_cv_prog_cc_wl=-Wl,
lt_cv_prog_gnu_ld=yes
lt_cv_sys_global_symbol_pipe='sed -n -e '\''s/^.*[ 	]\([ABCDGISTW][ABCDGISTW]*\)[ 	][ 	]*\(\)\([_A-Za-z][_A-Za-z0-9]*\)$/\1 \2\3 \3/p'\'''

## ----------------- ##
## Output variables. ##
## ----------------- ##

ACLOCAL='${SHELL} /home/louis/HPI/openhpi/missing --run aclocal-1.6'
AMDEPBACKSLASH='\'
AMDEP_FALSE='#'
AMDEP_TRUE=''
AMTAR='${SHELL} /home/louis/HPI/openhpi/missing --run tar'
AUTOCONF='${SHELL} /home/louis/HPI/openhpi/missing --run autoconf'
AUTOHEADER='${SHELL} /home/louis/HPI/openhpi/missing --run autoheader'
AUTOMAKE='${SHELL} /home/louis/HPI/openhpi/missing --run automake-1.6'
AWK='gawk'
CC='gcc'
CCDEPMODE='depmode=gcc3'
CFLAGS='-g -O2 -I/usr/include/glib-1.2 -I/usr/lib/glib/include           -Wall         -Wmissing-prototypes 	-Wmissing-declarations 	-Wstrict-prototypes 	-Wpointer-arith         -Wformat=2         -Wformat-security         -Wformat-nonliteral 	-Werror 	-Wcast-qual 	-Wcast-align -D_GNU_SOURCE -D_REENTRANT -fexceptions'
CPP='gcc -E'
CPPFLAGS=''
CXX='g++'
CXXDEPMODE='depmode=gcc3'
CXXFLAGS='-g -O2 -I/usr/include/glib-1.2 -I/usr/lib/glib/include           -Wall         -Wmissing-prototypes 	-Wstrict-prototypes 	-Wpointer-arith 	-Werror 	-Wcast-qual 	-Wcast-align         -Wshadow         -Wwrite-strings         -Wredundant-decls -D_GNU_SOURCE -D_REENTRANT -fexceptions'
DEFS='-DHAVE_CONFIG_H'
DEPDIR='.deps'
DUMMY='dummy'
ECHO='echo'
ECHO_C=''
ECHO_N='-n'
ECHO_T=''
EGREP='grep -E'
ENABLED_DIRS=' examples util'
EXEEXT=''
HPI_LIB_VERSION='3:0:3'
HPI_PKG='openhpi'
INSTALL_DATA='${INSTALL} -m 644'
INSTALL_PROGRAM='${INSTALL}'
INSTALL_SCRIPT='${INSTALL}'
INSTALL_STRIP_PROGRAM='${SHELL} $(install_sh) -c -s'
IPMI='ipmi'
IPMIDIRECT='ipmidirect'
LDFLAGS=''
LIBOBJS=''
LIBS='-lltdl  -lglib   -lm -lpthread'
LIBTOOL='$(SHELL) $(top_builddir)/libtool'
LIST_RESOURCES_THREADED='list_resources_threaded'
LN_S='ln -s'
LTLIBOBJS=''
MAKEINFO='${SHELL} /home/louis/HPI/openhpi/missing --run makeinfo'
NOCFLAGS='-g  -I/usr/include/glib-1.2 -I/usr/lib/glib/include -Wall -Wmissing-prototypes -Wmissing-declarations -Wstrict-prototypes -Wpointer-arith -Wformat=2 -Wformat-security -Wformat-nonliteral -Werror -Wcast-qual -Wcast-align -D_GNU_SOURCE -D_REENTRANT -fexceptions'
NOCXXFLAGS='-g  -I/usr/include/glib-1.2 -I/usr/lib/glib/include -Wall -Wmissing-prototypes -Wstrict-prototypes -Wpointer-arith -Werror -Wcast-qual -Wcast-align -Wshadow -Wwrite-strings -Wredundant-decls -D_GNU_SOURCE -D_REENTRANT -fexceptions'
OBJEXT='o'
PACKAGE='openhpi'
PACKAGE_BUGREPORT=''
PACKAGE_NAME=''
PACKAGE_STRING=''
PACKAGE_TARNAME=''
PACKAGE_VERSION=''
PATH_SEPARATOR=':'
RANLIB='ranlib'
RPM=''
SET_MAKE=''
SHELL='/bin/sh'
SIMULATOR='simulator'
SNMPDIR='snmp'
SNMPFLAGS=' -march=i686 -funroll-loops -pipe -Dlinux -I. -I/usr/include'
SNMPLIBS='-L/usr/lib -lnetsnmp -lcrypto -lm'
SNMP_BC='snmp_bc'
SNMP_CLIENT='snmp_client'
SSL_LIB='-lssl'
STATIC_PLUGIN=''
STATIC_PLUGIN_EXTERN=''
STATIC_PLUGIN_EXTRA_LIBS=''
STATIC_PLUGIN_LIBS=''
STRIP='strip'
SYSFS=''
TEST_CLEAN='$(shell ls *.bb* *.da *.gcov *.summary)'
VARPATH='/var/lib/openhpi'
VERSION='0.5.0'
WATCHDOG='watchdog'
ac_configure_args=' 'CC=gcc' 'CXX=g++''
ac_ct_CC='gcc'
ac_ct_CXX=''
ac_ct_RANLIB='ranlib'
ac_ct_STRIP='strip'
am__include='include'
am__quote=''
base_includedir='/usr/local/include'
bindir='/usr/local/bin'
build='i686-pc-linux-gnu'
build_alias=''
build_cpu='i686'
build_os='linux-gnu'
build_vendor='pc'
datadir='${prefix}/share'
exec_prefix='/usr/local'
found_pkg_config='yes'
host='i686-pc-linux-gnu'
host_alias=''
host_cpu='i686'
host_os='linux-gnu'
host_vendor='pc'
includedir='/usr/local/include'
infodir='${prefix}/info'
install_sh='/home/louis/HPI/openhpi/install-sh'
libdir='/usr/local/lib'
libexecdir='${exec_prefix}/libexec'
localstatedir='${prefix}/var'
mandir='${prefix}/man'
oldincludedir='/usr/include'
prefix='/usr/local'
program_transform_name='s,x,x,'
sbindir='/usr/local/sbin'
sharedstatedir='${prefix}/com'
sysconfdir='${prefix}/etc'
target_alias=''

## ----------- ##
## confdefs.h. ##
## ----------- ##

#define HAVE_DLFCN_H 1
#define HAVE_FCNTL_H 1
#define HAVE_GETTIMEOFDAY 1
#define HAVE_INTTYPES_H 1
#define HAVE_LIBGLIB 1
#define HAVE_LIBLTDL 1
#define HAVE_MEMORY_H 1
#define HAVE_MEMSET 1
#define HAVE_OPENSSL_MD2_H 1
#define HAVE_OPENSSL_MD5_H 1
#define HAVE_STDINT_H 1
#define HAVE_STDLIB_H 1
#define HAVE_STDLIB_H 1
#define HAVE_STRINGIZE 1
#define HAVE_STRINGS_H 1
#define HAVE_STRING_H 1
#define HAVE_STRING_H 1
#define HAVE_SYS_STAT_H 1
#define HAVE_SYS_TIME_H 1
#define HAVE_SYS_TYPES_H 1
#define HAVE_THREAD_SAFE 1
#define HAVE_UNISTD_H 1
#define HAVE_UNISTD_H 1
#define HAVE_VPRINTF 1
#define OH_DEFAULT_UID_MAP "/var/lib/openhpi/uid_map"
#define PACKAGE "openhpi"
#define PACKAGE_BUGREPORT ""
#define PACKAGE_NAME ""
#define PACKAGE_STRING ""
#define PACKAGE_TARNAME ""
#define PACKAGE_VERSION ""
#define STDC_HEADERS 1
#define STDC_HEADERS 1
#define VARPATH "/var/lib/openhpi"
#define VERSION "0.5.0"
#endif
#ifdef __cplusplus
extern "C" void std::exit (int) throw (); using std::exit;

configure: exit 0
